  Source.cpp
C:\Users\jekabs.vidrusks\source\repos\light\light\Source.cpp(237,10): warning C4305: '=': truncation from 'double' to 'float'
C:\Users\jekabs.vidrusks\source\repos\light\light\Source.cpp(256,9): warning C4305: '*=': truncation from 'double' to 'float'
C:\Users\jekabs.vidrusks\source\repos\light\light\Source.cpp(257,9): warning C4305: '*=': truncation from 'double' to 'float'
C:\Users\jekabs.vidrusks\source\repos\light\light\Source.cpp(294,18): warning C4244: '=': conversion from 'int' to 'float', possible loss of data
C:\Users\jekabs.vidrusks\source\repos\light\light\Source.cpp(295,18): warning C4244: '=': conversion from 'int' to 'float', possible loss of data
C:\Users\jekabs.vidrusks\source\repos\light\light\Source.cpp(310,61): warning C4244: 'argument': conversion from 'T' to 'T', possible loss of data
C:\Users\jekabs.vidrusks\source\repos\light\light\Source.cpp(310,61): warning C4244:         with
C:\Users\jekabs.vidrusks\source\repos\light\light\Source.cpp(310,61): warning C4244:         [
C:\Users\jekabs.vidrusks\source\repos\light\light\Source.cpp(310,61): warning C4244:             T=int
C:\Users\jekabs.vidrusks\source\repos\light\light\Source.cpp(310,61): warning C4244:         ]
C:\Users\jekabs.vidrusks\source\repos\light\light\Source.cpp(310,61): warning C4244:         and
C:\Users\jekabs.vidrusks\source\repos\light\light\Source.cpp(310,61): warning C4244:         [
C:\Users\jekabs.vidrusks\source\repos\light\light\Source.cpp(310,61): warning C4244:             T=float
C:\Users\jekabs.vidrusks\source\repos\light\light\Source.cpp(310,61): warning C4244:         ]
C:\Users\jekabs.vidrusks\source\repos\light\light\Source.cpp(310,37): warning C4244: 'argument': conversion from 'T' to 'T', possible loss of data
C:\Users\jekabs.vidrusks\source\repos\light\light\Source.cpp(310,37): warning C4244:         with
C:\Users\jekabs.vidrusks\source\repos\light\light\Source.cpp(310,37): warning C4244:         [
C:\Users\jekabs.vidrusks\source\repos\light\light\Source.cpp(310,37): warning C4244:             T=int
C:\Users\jekabs.vidrusks\source\repos\light\light\Source.cpp(310,37): warning C4244:         ]
C:\Users\jekabs.vidrusks\source\repos\light\light\Source.cpp(310,37): warning C4244:         and
C:\Users\jekabs.vidrusks\source\repos\light\light\Source.cpp(310,37): warning C4244:         [
C:\Users\jekabs.vidrusks\source\repos\light\light\Source.cpp(310,37): warning C4244:             T=float
C:\Users\jekabs.vidrusks\source\repos\light\light\Source.cpp(310,37): warning C4244:         ]
  Generating code
  1 of 103 functions ( 1.0%) were compiled, the rest were copied from previous compilation.
    0 functions were new in current compilation
    0 functions had inline decision re-evaluated but remain unchanged
  Finished generating code
  light.vcxproj -> C:\Users\jekabs.vidrusks\source\repos\light\x64\Release\light.exe
